# JRE version: Java(TM) SE Runtime Environment (8.0_201-b09) (build 1.8.0_201-b09)
# Java VM: Java HotSpot(TM) 64-Bit Server VM (25.201-b09 mixed mode windows-amd64 compressed oops)
Heap:
 PSYoungGen      total 153088K, used 6989K [0x0000000740b00000, 0x000000074eb00000, 0x00000007c0000000)
  eden space 127488K, 5% used [0x0000000740b00000,0x00000007411d34f8,0x0000000748780000)
  from space 25600K, 0% used [0x0000000748780000,0x0000000748780000,0x000000074a080000)
  to   space 29184K, 0% used [0x000000074ce80000,0x000000074ce80000,0x000000074eb00000)
 ParOldGen       total 292864K, used 40792K [0x0000000642000000, 0x0000000653e00000, 0x0000000740b00000)
  object space 292864K, 13% used [0x0000000642000000,0x00000006447d6198,0x0000000653e00000)
 Metaspace       used 34775K, capacity 35582K, committed 35712K, reserved 1081344K
  class space    used 4165K, capacity 4422K, committed 4480K, reserved 1048576K
GC Heap History (10 events):
Event: 27.521 GC heap before
{Heap before GC invocations=5 (full 1):
 PSYoungGen      total 114176K, used 98304K [0x0000000740b00000, 0x0000000748a00000, 0x00000007c0000000)
  eden space 98304K, 100% used [0x0000000740b00000,0x0000000746b00000,0x0000000746b00000)
  from space 15872K, 0% used [0x0000000746b00000,0x0000000746b00000,0x0000000747a80000)
  to   space 15872K, 0% used [0x0000000747a80000,0x0000000747a80000,0x0000000748a00000)
 ParOldGen       total 173568K, used 13401K [0x0000000642000000, 0x000000064c980000, 0x0000000740b00000)
  object space 173568K, 7% used [0x0000000642000000,0x0000000642d165f8,0x000000064c980000)
 Metaspace       used 23346K, capacity 23902K, committed 24320K, reserved 1071104K
  class space    used 2770K, capacity 2945K, committed 3072K, reserved 1048576K
Event: 27.527 GC heap after
Heap after GC invocations=5 (full 1):
 PSYoungGen      total 114176K, used 12013K [0x0000000740b00000, 0x000000074a880000, 0x00000007c0000000)
  eden space 98304K, 0% used [0x0000000740b00000,0x0000000740b00000,0x0000000746b00000)
  from space 15872K, 75% used [0x0000000747a80000,0x000000074863b5f8,0x0000000748a00000)
  to   space 15872K, 0% used [0x0000000746b00000,0x0000000746b00000,0x0000000747a80000)
 ParOldGen       total 173568K, used 13401K [0x0000000642000000, 0x000000064c980000, 0x0000000740b00000)
  object space 173568K, 7% used [0x0000000642000000,0x0000000642d165f8,0x000000064c980000)
 Metaspace       used 23346K, capacity 23902K, committed 24320K, reserved 1071104K
  class space    used 2770K, capacity 2945K, committed 3072K, reserved 1048576K
}
Event: 28.655 GC heap before
{Heap before GC invocations=6 (full 1):
 PSYoungGen      total 114176K, used 110317K [0x0000000740b00000, 0x000000074a880000, 0x00000007c0000000)
  eden space 98304K, 100% used [0x0000000740b00000,0x0000000746b00000,0x0000000746b00000)
  from space 15872K, 75% used [0x0000000747a80000,0x000000074863b5f8,0x0000000748a00000)
  to   space 15872K, 0% used [0x0000000746b00000,0x0000000746b00000,0x0000000747a80000)
 ParOldGen       total 173568K, used 13401K [0x0000000642000000, 0x000000064c980000, 0x0000000740b00000)
  object space 173568K, 7% used [0x0000000642000000,0x0000000642d165f8,0x000000064c980000)
 Metaspace       used 28635K, capacity 29350K, committed 29568K, reserved 1075200K
  class space    used 3421K, capacity 3651K, committed 3712K, reserved 1048576K
Event: 28.666 GC heap after
Heap after GC invocations=6 (full 1):
 PSYoungGen      total 114176K, used 15864K [0x0000000740b00000, 0x000000074b500000, 0x00000007c0000000)
  eden space 98304K, 0% used [0x0000000740b00000,0x0000000740b00000,0x0000000746b00000)
  from space 15872K, 99% used [0x0000000746b00000,0x0000000747a7e318,0x0000000747a80000)
  to   space 20992K, 0% used [0x000000074a080000,0x000000074a080000,0x000000074b500000)
 ParOldGen       total 173568K, used 19344K [0x0000000642000000, 0x000000064c980000, 0x0000000740b00000)
  object space 173568K, 11% used [0x0000000642000000,0x00000006432e40f8,0x000000064c980000)
 Metaspace       used 28635K, capacity 29350K, committed 29568K, reserved 1075200K
  class space    used 3421K, capacity 3651K, committed 3712K, reserved 1048576K
}
Event: 29.583 GC heap before
{Heap before GC invocations=7 (full 1):
 PSYoungGen      total 114176K, used 114168K [0x0000000740b00000, 0x000000074b500000, 0x00000007c0000000)
  eden space 98304K, 100% used [0x0000000740b00000,0x0000000746b00000,0x0000000746b00000)
  from space 15872K, 99% used [0x0000000746b00000,0x0000000747a7e318,0x0000000747a80000)
  to   space 20992K, 0% used [0x000000074a080000,0x000000074a080000,0x000000074b500000)
 ParOldGen       total 173568K, used 19344K [0x0000000642000000, 0x000000064c980000, 0x0000000740b00000)
  object space 173568K, 11% used [0x0000000642000000,0x00000006432e40f8,0x000000064c980000)
 Metaspace       used 32294K, capacity 33102K, committed 33280K, reserved 1079296K
  class space    used 3841K, capacity 4086K, committed 4096K, reserved 1048576K
Event: 29.596 GC heap after
Heap after GC invocations=7 (full 1):
 PSYoungGen      total 148480K, used 20975K [0x0000000740b00000, 0x000000074c280000, 0x00000007c0000000)
  eden space 127488K, 0% used [0x0000000740b00000,0x0000000740b00000,0x0000000748780000)
  from space 20992K, 99% used [0x000000074a080000,0x000000074b4fbc38,0x000000074b500000)
  to   space 25600K, 0% used [0x0000000748780000,0x0000000748780000,0x000000074a080000)
 ParOldGen       total 173568K, used 23827K [0x0000000642000000, 0x000000064c980000, 0x0000000740b00000)
  object space 173568K, 13% used [0x0000000642000000,0x0000000643744eb8,0x000000064c980000)
 Metaspace       used 32294K, capacity 33102K, committed 33280K, reserved 1079296K
  class space    used 3841K, capacity 4086K, committed 4096K, reserved 1048576K
}
Event: 38.322 GC heap before
{Heap before GC invocations=8 (full 1):
 PSYoungGen      total 148480K, used 85098K [0x0000000740b00000, 0x000000074c280000, 0x00000007c0000000)
  eden space 127488K, 50% used [0x0000000740b00000,0x000000074499efa0,0x0000000748780000)
  from space 20992K, 99% used [0x000000074a080000,0x000000074b4fbc38,0x000000074b500000)
  to   space 25600K, 0% used [0x0000000748780000,0x0000000748780000,0x000000074a080000)
 ParOldGen       total 173568K, used 23827K [0x0000000642000000, 0x000000064c980000, 0x0000000740b00000)
  object space 173568K, 13% used [0x0000000642000000,0x0000000643744eb8,0x000000064c980000)
 Metaspace       used 34553K, capacity 35390K, committed 35456K, reserved 1081344K
  class space    used 4143K, capacity 4422K, committed 4480K, reserved 1048576K
Event: 38.337 GC heap after
Heap after GC invocations=8 (full 1):
 PSYoungGen      total 153088K, used 25573K [0x0000000740b00000, 0x000000074eb00000, 0x00000007c0000000)
  eden space 127488K, 0% used [0x0000000740b00000,0x0000000740b00000,0x0000000748780000)
  from space 25600K, 99% used [0x0000000748780000,0x000000074a0794c0,0x000000074a080000)
  to   space 29184K, 0% used [0x000000074ce80000,0x000000074ce80000,0x000000074eb00000)
 ParOldGen       total 173568K, used 24024K [0x0000000642000000, 0x000000064c980000, 0x0000000740b00000)
  object space 173568K, 13% used [0x0000000642000000,0x00000006437762f0,0x000000064c980000)
 Metaspace       used 34553K, capacity 35390K, committed 35456K, reserved 1081344K
  class space    used 4143K, capacity 4422K, committed 4480K, reserved 1048576K
}
Event: 38.337 GC heap before
{Heap before GC invocations=9 (full 2):
 PSYoungGen      total 153088K, used 25573K [0x0000000740b00000, 0x000000074eb00000, 0x00000007c0000000)
  eden space 127488K, 0% used [0x0000000740b00000,0x0000000740b00000,0x0000000748780000)
  from space 25600K, 99% used [0x0000000748780000,0x000000074a0794c0,0x000000074a080000)
  to   space 29184K, 0% used [0x000000074ce80000,0x000000074ce80000,0x000000074eb00000)
 ParOldGen       total 173568K, used 24024K [0x0000000642000000, 0x000000064c980000, 0x0000000740b00000)
  object space 173568K, 13% used [0x0000000642000000,0x00000006437762f0,0x000000064c980000)
 Metaspace       used 34553K, capacity 35390K, committed 35456K, reserved 1081344K
  class space    used 4143K, capacity 4422K, committed 4480K, reserved 1048576K
Event: 38.443 GC heap after
Heap after GC invocations=9 (full 2):
 PSYoungGen      total 153088K, used 0K [0x0000000740b00000, 0x000000074eb00000, 0x00000007c0000000)
  eden space 127488K, 0% used [0x0000000740b00000,0x0000000740b00000,0x0000000748780000)
  from space 25600K, 0% used [0x0000000748780000,0x0000000748780000,0x000000074a080000)
  to   space 29184K, 0% used [0x000000074ce80000,0x000000074ce80000,0x000000074eb00000)
 ParOldGen       total 292864K, used 40792K [0x0000000642000000, 0x0000000653e00000, 0x0000000740b00000)
  object space 292864K, 13% used [0x0000000642000000,0x00000006447d6198,0x0000000653e00000)
 Metaspace       used 34553K, capacity 35390K, committed 35456K, reserved 1081344K
  class space    used 4143K, capacity 4422K, committed 4480K, reserved 1048576K
}

